<?xml version="1.0" encoding="UTF-8"?>
<testsuites name="Mocha Tests" time="31.053" tests="1" failures="1">
  <testsuite name="Root Suite" timestamp="2025-06-17T17:33:25" tests="0" file="cypress\e2e\tests\TransactionTest.cy.js" time="0.000" failures="0">
  </testsuite>
  <testsuite name="Validating Transaction update" timestamp="2025-06-17T17:33:25" tests="1" time="31.033" failures="1">
    <testcase name="Validating Transaction update should be able to add transaction to the account" time="14.548" classname="should be able to add transaction to the account">
      <failure message="expected 2022 to equal 4022" type="AssertionError"><![CDATA[AssertionError: expected 2022 to equal 4022
    at Context.eval (webpack://cypress-framework/./cypress/e2e/tests/TransactionTest.cy.js:35:37)

      + expected - actual

      -2022
      +4022
      ]]></failure>
    </testcase>
  </testsuite>
</testsuites>